2025-05-05 14:59:33 GET request to signup.php
2025-05-05 15:01:27 GET request to signup.php
2025-05-05 15:02:25 OPTIONS request to signup.php
2025-05-05 15:02:25 OPTIONS request handled
2025-05-05 15:02:25 POST request to signup.php
2025-05-05 15:02:25 POST request received
2025-05-05 15:03:37 POST request to signup.php
2025-05-05 15:03:37 POST request received
2025-05-05 15:04:23 POST request to signup.php
2025-05-05 15:04:23 POST request received
2025-05-05 15:05:57 POST request to signup.php
2025-05-05 15:05:57 POST request received
2025-05-05 15:06:25 OPTIONS request to login.php
2025-05-05 15:06:25 OPTIONS request handled
2025-05-05 15:06:25 POST request to login.php
2025-05-05 15:08:01 OPTIONS request to login.php
2025-05-05 15:08:01 OPTIONS request handled
2025-05-05 15:08:12 POST request to login.php
2025-05-05 15:17:12 POST request to login.php
2025-05-05 15:17:46 POST request to login.php
2025-05-05 15:17:48 POST request to login.php
2025-05-05 15:17:48 POST request to login.php
2025-05-05 15:17:49 POST request to login.php
2025-05-05 15:17:49 POST request to login.php
2025-05-05 15:17:49 POST request to login.php
2025-05-05 15:17:50 POST request to login.php
2025-05-05 15:17:50 POST request to login.php
2025-05-05 15:17:50 POST request to login.php
2025-05-05 15:17:50 POST request to login.php
2025-05-05 15:17:50 POST request to login.php
2025-05-05 15:17:50 POST request to login.php
2025-05-05 15:17:51 POST request to login.php
2025-05-05 15:17:51 POST request to login.php
2025-05-05 15:17:51 POST request to login.php
2025-05-05 15:17:51 POST request to login.php
2025-05-05 15:17:51 POST request to login.php
2025-05-05 15:17:52 POST request to login.php
2025-05-05 15:17:52 POST request to login.php
2025-05-05 15:17:52 POST request to login.php
2025-05-05 21:11:18 OPTIONS request to login.php
2025-05-05 21:11:18 OPTIONS request handled
2025-05-05 21:11:33 OPTIONS request to signup.php
2025-05-05 21:11:33 OPTIONS request handled
2025-05-05 21:11:38 OPTIONS request to signup.php
2025-05-05 21:11:38 OPTIONS request handled
2025-05-05 21:11:39 OPTIONS request to signup.php
2025-05-05 21:11:39 OPTIONS request handled
2025-05-05 21:12:02 OPTIONS request to signup.php
2025-05-05 21:12:02 OPTIONS request handled
2025-05-05 21:12:40 OPTIONS request to signup.php
2025-05-05 21:12:40 OPTIONS request handled
2025-05-05 21:13:17 OPTIONS request to signup.php
2025-05-05 21:13:17 OPTIONS request handled
2025-05-05 21:13:24 OPTIONS request to signup.php
2025-05-05 21:13:24 OPTIONS request handled
2025-05-05 21:13:26 OPTIONS request to signup.php
2025-05-05 21:13:26 OPTIONS request handled
2025-05-05 21:13:26 OPTIONS request to signup.php
2025-05-05 21:13:26 OPTIONS request handled
2025-05-05 21:13:26 OPTIONS request to signup.php
2025-05-05 21:13:26 OPTIONS request handled
2025-05-05 21:13:26 OPTIONS request to signup.php
2025-05-05 21:13:26 OPTIONS request handled
2025-05-05 21:13:26 OPTIONS request to signup.php
2025-05-05 21:13:26 OPTIONS request handled
2025-05-05 21:13:27 OPTIONS request to signup.php
2025-05-05 21:13:27 OPTIONS request handled
2025-05-05 21:13:27 OPTIONS request to signup.php
2025-05-05 21:13:27 OPTIONS request handled
2025-05-05 21:14:03 OPTIONS request to signup.php
2025-05-05 21:14:03 OPTIONS request handled
2025-05-05 21:14:04 OPTIONS request to signup.php
2025-05-05 21:14:04 OPTIONS request handled
2025-05-05 21:14:37 OPTIONS request to signup.php
2025-05-05 21:14:37 OPTIONS request handled
2025-05-06 13:56:29 OPTIONS request to login.php
2025-05-06 13:56:29 OPTIONS request handled
2025-05-06 13:56:29 POST request to login.php
2025-05-06 13:56:29 User not found: bemnet@bond.com
2025-05-06 13:56:30 POST request to login.php
2025-05-06 13:56:30 User not found: bemnet@bond.com
2025-05-06 13:59:07 POST request to login.php
2025-05-06 13:59:07 User not found: bemnet@bond.com
2025-05-06 13:59:45 OPTIONS request to signup.php
2025-05-06 13:59:45 OPTIONS request handled
2025-05-06 13:59:45 POST request to signup.php
2025-05-06 13:59:45 POST request received
2025-05-06 13:59:59 POST request to login.php
2025-05-06 13:59:59 User not found: bemnetmussa@gmail.com
2025-05-06 14:00:38 POST request to signup.php
2025-05-06 14:00:38 POST request received
2025-05-06 14:00:48 POST request to login.php
2025-05-06 14:00:48 User not found: bemnetmussa2@gmail.com
2025-05-06 14:00:52 POST request to login.php
2025-05-06 14:00:52 User not found: bemnetmussa2@gmail.com
2025-05-06 14:01:28 POST request to signup.php
2025-05-06 14:01:28 POST request received
2025-05-06 14:01:37 POST request to login.php
2025-05-06 14:01:37 User not found: asch2@gmail.com
2025-05-06 14:01:43 POST request to login.php
2025-05-06 14:01:43 User not found: asch2@gmail.com
2025-05-06 14:01:45 POST request to login.php
2025-05-06 14:01:45 User not found: asch2@gmail.com
2025-05-06 14:01:46 POST request to login.php
2025-05-06 14:01:46 User not found: asch2@gmail.com
2025-05-06 14:01:47 POST request to login.php
2025-05-06 14:01:47 User not found: asch2@gmail.com
2025-05-06 14:01:53 POST request to login.php
2025-05-06 14:01:53 User not found: asch2@gmail.com
2025-05-06 14:01:54 POST request to login.php
2025-05-06 14:01:54 User not found: asch2@gmail.com
2025-05-06 14:01:55 POST request to login.php
2025-05-06 14:01:55 User not found: asch2@gmail.com
2025-05-06 14:01:58 POST request to login.php
2025-05-06 14:01:58 User not found: asch2@gmail.com
2025-05-06 14:01:59 POST request to login.php
2025-05-06 14:01:59 User not found: asch2@gmail.com
2025-05-06 14:02:00 POST request to login.php
2025-05-06 14:02:00 User not found: asch2@gmail.com
2025-05-06 14:07:37 POST request to login.php
2025-05-06 14:07:37 User not found: bemnet@bond.com
2025-05-06 14:08:07 POST request to signup.php
2025-05-06 14:08:07 POST request received
2025-05-06 14:08:21 POST request to login.php
2025-05-06 14:08:21 User not found: procod846@gmail.com
2025-05-06 14:19:17 POST request to login.php
2025-05-06 14:19:17 User not found: procod846@gmail.com
2025-05-06 14:19:33 POST request to signup.php
2025-05-06 14:19:33 POST request received
2025-05-06 14:20:00 POST request to login.php
2025-05-06 14:20:00 User not found: procod846@gmail.com
2025-05-06 14:22:10 POST request to signup.php
2025-05-06 14:22:10 POST request received
2025-05-06 14:25:44 POST request to login.php
2025-05-06 14:25:44 User not found: bemnetmussa@gmail.com
2025-05-06 14:26:02 POST request to signup.php
2025-05-06 14:26:02 POST request received
2025-05-06 14:26:26 POST request to login.php
2025-05-06 14:26:26 User not found: procod846@gmail.com
2025-05-06 14:26:43 POST request to signup.php
2025-05-06 14:26:43 POST request received
2025-05-06 14:27:10 POST request to login.php
2025-05-06 14:27:10 User not found: bemnetmussa@gmail.com
2025-05-06 14:29:32 POST request to signup.php
2025-05-06 14:29:32 POST request received
2025-05-06 14:29:41 POST request to login.php
2025-05-06 14:29:41 User not found: procod846@gmail.com
2025-05-06 14:47:52 POST request to signup.php
2025-05-06 14:47:52 POST request received
2025-05-06 14:48:02 POST request to login.php
2025-05-06 14:48:02 Database connection successful
2025-05-06 14:48:02 User not found: procod846@gmail.com
2025-05-06 14:48:25 POST request to signup.php
2025-05-06 14:48:25 POST request received
2025-05-06 14:48:33 POST request to login.php
2025-05-06 14:48:33 Database connection successful
2025-05-06 14:48:33 User not found: bemnetmussa@gmail.com
2025-05-06 14:48:47 POST request to signup.php
2025-05-06 14:48:47 POST request received
2025-05-06 14:48:51 POST request to login.php
2025-05-06 14:48:51 Database connection successful
2025-05-06 14:48:51 User not found: bemnet@bond.com
2025-05-06 14:49:33 POST request to login.php
2025-05-06 14:49:33 Database connection successful
2025-05-06 14:49:33 User not found: bemnet@bond.com
2025-05-06 14:49:36 POST request to login.php
2025-05-06 14:49:36 Database connection successful
2025-05-06 14:49:36 User not found: bemnet@bond.com
2025-05-06 14:49:36 POST request to login.php
2025-05-06 14:49:36 Database connection successful
2025-05-06 14:49:36 User not found: bemnet@bond.com
2025-05-06 14:49:37 POST request to login.php
2025-05-06 14:49:37 Database connection successful
2025-05-06 14:49:37 User not found: bemnet@bond.com
2025-05-06 14:49:37 POST request to login.php
2025-05-06 14:49:37 Database connection successful
2025-05-06 14:49:37 User not found: bemnet@bond.com
2025-05-06 14:49:37 POST request to login.php
2025-05-06 14:49:37 Database connection successful
2025-05-06 14:49:37 User not found: bemnet@bond.com
2025-05-06 14:50:07 POST request to login.php
2025-05-06 14:50:07 Database connection successful
2025-05-06 14:50:07 User not found: bemnet@bond.com
2025-05-06 14:50:08 POST request to login.php
2025-05-06 14:50:08 Database connection successful
2025-05-06 14:50:08 User not found: bemnet@bond.com
2025-05-06 14:50:08 POST request to login.php
2025-05-06 14:50:08 Database connection successful
2025-05-06 14:50:08 User not found: bemnet@bond.com
2025-05-06 14:50:41 POST request to login.php
2025-05-06 14:50:41 Database connection successful
2025-05-06 14:50:41 User not found: bemnet@bond.com
2025-05-06 14:50:41 POST request to login.php
2025-05-06 14:50:41 Database connection successful
2025-05-06 14:50:41 User not found: bemnet@bond.com
2025-05-06 14:50:42 POST request to login.php
2025-05-06 14:50:42 Database connection successful
2025-05-06 14:50:42 User not found: bemnet@bond.com
2025-05-06 14:50:42 POST request to login.php
2025-05-06 14:50:42 Database connection successful
2025-05-06 14:50:42 User not found: bemnet@bond.com
2025-05-06 14:50:52 POST request to signup.php
2025-05-06 14:50:52 POST request received
2025-05-06 14:50:58 POST request to login.php
2025-05-06 14:50:58 Database connection successful
2025-05-06 14:50:58 User not found: bemnet@bond.com
2025-05-06 14:50:59 POST request to login.php
2025-05-06 14:50:59 Database connection successful
2025-05-06 14:50:59 User not found: bemnet@bond.com
2025-05-06 14:51:00 POST request to login.php
2025-05-06 14:51:00 Database connection successful
2025-05-06 14:51:00 User not found: bemnet@bond.com
2025-05-06 14:51:00 POST request to login.php
2025-05-06 14:51:00 Database connection successful
2025-05-06 14:51:00 User not found: bemnet@bond.com
2025-05-06 14:51:00 POST request to login.php
2025-05-06 14:51:00 Database connection successful
2025-05-06 14:51:00 User not found: bemnet@bond.com
2025-05-06 14:51:00 POST request to login.php
2025-05-06 14:51:00 Database connection successful
2025-05-06 14:51:00 User not found: bemnet@bond.com
2025-05-06 14:51:00 POST request to login.php
2025-05-06 14:51:00 Database connection successful
2025-05-06 14:51:00 User not found: bemnet@bond.com
2025-05-06 14:51:00 POST request to login.php
2025-05-06 14:51:00 Database connection successful
2025-05-06 14:51:00 User not found: bemnet@bond.com
2025-05-06 15:01:03 POST request to signup.php
2025-05-06 15:01:03 Database connection successful
2025-05-06 15:01:03 User registered: procod846@gmail.com
2025-05-06 15:01:32 POST request to login.php
2025-05-06 15:01:32 Database connection successful
2025-05-06 15:01:32 Invalid password for procod846@gmail.com
2025-05-06 15:01:36 POST request to login.php
2025-05-06 15:01:36 Database connection successful
2025-05-06 15:01:36 Login successful for procod846@gmail.com
2025-05-06 15:01:36 Database connection successful
2025-05-06 15:01:36 Database connection successful
2025-05-06 15:01:36 Database connection successful
2025-05-06 15:01:36 Database connection successful
2025-05-06 15:01:36 Database connection successful
2025-05-06 15:01:36 Database connection successful
2025-05-06 15:01:36 Database connection successful
2025-05-06 15:01:36 Database connection successful
2025-05-06 16:20:11 Database connection successful
2025-05-06 16:20:11 Database connection successful
2025-05-06 16:20:11 Database connection successful
2025-05-06 16:20:11 Database connection successful
2025-05-06 16:20:11 Database connection successful
2025-05-06 16:20:11 Database connection successful
2025-05-06 16:20:11 Database connection successful
2025-05-06 16:20:11 Database connection successful
2025-05-06 16:20:11 Database connection successful
2025-05-06 16:20:11 Database connection successful
2025-05-06 16:21:49 Database connection successful
2025-05-06 16:21:49 Database connection successful
2025-05-06 16:49:57 Database connection successful
2025-05-06 16:49:57 Database connection successful
2025-05-06 16:49:57 Database connection successful
2025-05-06 16:49:57 Database connection successful
2025-05-06 16:49:57 Database connection successful
2025-05-06 16:49:57 Database connection successful
2025-05-06 16:49:57 Database connection successful
2025-05-06 16:49:57 Database connection successful
2025-05-06 16:49:57 Database connection successful
2025-05-06 16:49:57 Database connection successful
2025-05-06 16:50:47 Database connection successful
2025-05-06 16:50:47 Database connection successful
2025-05-06 17:08:01 OPTIONS request to signup.php
2025-05-06 17:08:01 OPTIONS request handled
2025-05-06 17:08:01 POST request to signup.php
2025-05-06 17:08:01 Database connection successful
2025-05-06 17:08:01 User registered: bemnet@bond.com
2025-05-06 17:08:55 OPTIONS request to login.php
2025-05-06 17:08:55 OPTIONS request handled
2025-05-06 17:08:55 POST request to login.php
2025-05-06 17:08:55 Database connection successful
2025-05-06 17:08:55 Login successful for bemnet@bond.com
2025-05-06 17:08:55 Database connection successful
2025-05-06 17:08:55 Database connection successful
2025-05-06 17:08:55 Database connection successful
2025-05-06 17:08:55 Database connection successful
2025-05-06 17:08:55 Database connection successful
2025-05-06 17:08:55 Database connection successful
2025-05-06 17:08:55 Database connection successful
2025-05-06 17:08:55 Database connection successful
2025-05-06 17:09:08 Database connection successful
2025-05-06 17:09:08 Database connection successful
2025-05-06 17:09:22 Database connection successful
2025-05-06 17:09:22 Database connection successful
2025-05-06 17:09:22 Database connection successful
2025-05-06 17:09:22 Database connection successful
2025-05-06 17:09:22 Database connection successful
2025-05-06 17:09:22 Database connection successful
2025-05-06 17:09:22 Database connection successful
2025-05-06 17:09:22 Database connection successful
2025-05-06 17:09:24 Database connection successful
2025-05-06 17:09:24 Database connection successful
2025-05-06 17:12:35 Database connection successful
2025-05-06 17:12:35 Database connection successful
2025-05-06 17:12:35 Database connection successful
2025-05-06 17:12:35 Database connection successful
2025-05-06 17:12:35 Database connection successful
2025-05-06 17:12:43 Database connection successful
2025-05-06 17:12:43 Database connection successful
2025-05-06 17:14:48 Database connection successful
2025-05-06 17:14:48 Database connection successful
2025-05-06 17:14:48 Database connection successful
2025-05-06 17:15:28 Database connection successful
2025-05-06 17:15:28 Database connection successful
2025-05-06 17:17:07 Database connection successful
2025-05-06 17:17:08 Database connection successful
2025-05-06 17:17:08 Database connection successful
2025-05-06 17:17:08 Database connection successful
2025-05-06 17:17:09 Database connection successful
2025-05-06 17:17:09 Database connection successful
2025-05-06 17:17:09 Database connection successful
2025-05-06 17:17:09 Database connection successful
2025-05-06 17:17:09 Database connection successful
2025-05-06 17:17:09 Database connection successful
2025-05-06 17:17:10 Database connection successful
2025-05-06 17:17:10 Database connection successful
2025-05-06 17:17:17 Database connection successful
2025-05-06 17:17:18 Database connection successful
2025-05-06 17:30:54 Database connection successful
2025-05-06 17:31:47 Database connection successful
2025-05-06 17:37:13 Database connection successful
2025-05-06 17:37:13 Database connection successful
2025-05-06 17:37:13 Database connection successful
2025-05-06 17:37:13 Database connection successful
2025-05-06 17:37:13 Database connection successful
2025-05-06 17:37:13 Database connection successful
2025-05-06 17:37:18 Database connection successful
2025-05-06 17:37:18 Database connection successful
2025-05-06 17:37:48 Database connection successful
2025-05-06 17:37:48 Database connection successful
2025-05-06 17:37:48 Database connection successful
2025-05-06 17:37:48 Database connection successful
2025-05-06 17:37:48 Database connection successful
2025-05-06 17:37:48 Database connection successful
2025-05-06 17:37:49 Database connection successful
2025-05-06 17:37:49 Database connection successful
2025-05-06 17:37:49 Database connection successful
2025-05-06 17:37:49 Database connection successful
2025-05-06 17:37:49 Database connection successful
2025-05-06 17:37:49 Database connection successful
2025-05-06 17:37:49 Database connection successful
2025-05-06 17:37:49 Database connection successful
2025-05-06 17:37:49 Database connection successful
2025-05-06 17:37:50 Database connection successful
2025-05-06 17:37:50 Database connection successful
2025-05-06 17:37:50 Database connection successful
2025-05-06 17:37:50 Database connection successful
2025-05-06 17:37:50 Database connection successful
2025-05-06 17:37:50 Database connection successful
2025-05-06 17:37:50 Database connection successful
2025-05-06 17:37:50 Database connection successful
2025-05-06 17:37:50 Database connection successful
2025-05-06 17:37:53 Database connection successful
2025-05-06 17:37:53 Database connection successful
2025-05-06 17:38:41 Database connection successful
2025-05-06 17:38:41 Database connection successful
2025-05-06 17:38:41 Database connection successful
2025-05-06 17:38:41 Database connection successful
2025-05-06 17:38:41 Database connection successful
2025-05-06 17:38:45 Database connection successful
2025-05-06 17:38:45 Database connection successful
2025-05-06 17:39:26 Database connection successful
2025-05-06 17:39:44 Database connection successful
2025-05-06 17:42:53 Database connection successful
2025-05-06 17:42:53 Database connection successful
2025-05-06 17:42:53 Database connection successful
2025-05-06 17:42:53 Database connection successful
2025-05-06 17:42:53 Database connection successful
2025-05-06 17:42:53 Database connection successful
2025-05-06 17:42:57 Database connection successful
2025-05-06 17:42:57 Database connection successful
2025-05-06 17:43:52 Database connection successful
2025-05-06 17:43:52 Database connection successful
2025-05-06 17:43:52 Database connection successful
2025-05-06 17:43:52 Database connection successful
2025-05-06 17:43:52 Database connection successful
2025-05-06 17:43:52 Database connection successful
2025-05-06 17:43:56 Database connection successful
2025-05-06 17:43:56 Database connection successful
2025-05-06 17:48:39 Database connection successful
2025-05-06 17:48:39 Database connection successful
2025-05-06 17:48:39 Database connection successful
2025-05-06 17:48:39 Database connection successful
2025-05-06 17:48:40 Database connection successful
2025-05-06 17:48:40 Database connection successful
2025-05-06 17:48:42 Database connection successful
2025-05-06 17:48:42 Database connection successful
2025-05-06 17:56:28 Database connection successful
2025-05-06 17:56:28 Database connection successful
2025-05-06 19:46:56 OPTIONS request to login.php
2025-05-06 19:46:56 OPTIONS request handled
2025-05-06 19:46:56 POST request to login.php
2025-05-06 19:46:56 Database connection successful
2025-05-06 19:46:56 User not found: bemnet@bond.com
